Oct 08, 2021 10:06:15 PM server.CampusServer initializeServer
INFO: Initializing Server ...
Oct 08, 2021 10:06:15 PM server.CampusServer <init>
INFO: Server: KKL initialization success.
Oct 08, 2021 10:06:15 PM server.CampusServer <init>
INFO: Server: KKL port is : 1099
Oct 08, 2021 10:06:18 PM server.CampusServer createRoom
INFO: Server Log | Request: createRoom | AdminID: KKLA1234 | Room number: 201 | Date: 2020-01-03
Oct 08, 2021 10:06:18 PM server.CampusServer createRecord
INFO: Server Log | Room record RR00001 was created successfully
Oct 08, 2021 10:06:18 PM server.CampusServer createRoom
INFO: Server Log | Request: createRoom | AdminID: KKLA1234 | Room number: 201 | Date: 2020-01-03
Oct 08, 2021 10:06:18 PM server.CampusServer updateRecord
INFO: Server Log | Room record RR00001 was already created. It was updated successfully
Oct 08, 2021 10:06:24 PM server.CampusServer bookRoom
INFO: Server Log | Request: bookRoom | StudentID: DVLS1234 | Room number: 201 | Date: 2020-01-03 | Timeslot: 19=20
Oct 08, 2021 10:06:24 PM server.CampusServer bookRoom
INFO: Server Log | Room record RR00001 was booked successfully. BookingID: 4ea5280d-7880-4b55-af49-ca599050426d
Oct 08, 2021 10:08:21 PM server.CampusServer bookRoom
INFO: Server Log | Request: bookRoom | StudentID: DVLS1234 | Room number: 201 | Date: 2020-01-03 | Timeslot: 19=20
Oct 08, 2021 10:08:21 PM server.CampusServer bookRoom
WARNING: Server Log | ERROR: Booking limit (3) for the week was reached | StudentID DVLS1234
